<?xml version="1.0" encoding="UTF-8"?>
<!-- Generated by org.testng.reporters.JUnitReportReporter -->
<testsuite hostname="LT078472" name="com.test.classes.AutomateiLab" tests="1" failures="0" timestamp="14 Sep 2020 11:26:13 GMT" time="51.786" errors="0">
  <testcase name="launchiLabWeb" time="51.786" classname="com.test.classes.AutomateiLab"/>
</testsuite> <!-- com.test.classes.AutomateiLab -->
